<?xml version="1.0" encoding="UTF-8"?>
<!-- Generated by org.testng.reporters.JUnitXMLReporter -->
<testsuite ignored="0" hostname="dluharo205881" failures="2" tests="2" name="Employee DB Demo test" time="0.882" errors="0" timestamp="11 Jan 2018 10:00:44 GMT">
  <testcase classname="com.app.db.tests.EmployeeDemoTest" name="addEmployee" time="0.025">
    <failure type="java.lang.NullPointerException">
      <![CDATA[java.lang.NullPointerException
	at com.sapient.taf.listeners.TestListener.afterInvocation(TestListener.java:80)
... Removed 23 stack frames]]>
    </failure>
  </testcase> <!-- addEmployee -->
  <testcase classname="com.app.db.tests.EmployeeDemoTest" name="establishConnection" time="0.838">
    <failure type="java.lang.NullPointerException">
      <![CDATA[java.lang.NullPointerException
	at com.sapient.taf.listeners.TestListener.afterInvocation(TestListener.java:80)
... Removed 23 stack frames]]>
    </failure>
  </testcase> <!-- establishConnection -->
</testsuite> <!-- Employee DB Demo test -->
