<?xml version="1.0" encoding="UTF-8"?>
<!-- Generated by org.testng.reporters.JUnitXMLReporter -->
<testsuite ignored="0" hostname="dluharo205881" failures="0" tests="4" name="Google Search" time="47.698" errors="0" timestamp="27 Dec 2017 09:57:49 GMT">
  <testcase classname="com.app.web.tests.GoogleFinanceTest" name="searchMethod1" time="15.207"/>
  <testcase classname="com.app.web.tests.GoogleFinanceTest" name="searchMethod2" time="10.323"/>
  <testcase classname="com.app.web.tests.GoogleFinanceTest2" name="searchMethod21" time="10.196"/>
  <testcase classname="com.app.web.tests.GoogleFinanceTest2" name="searchMethod22" time="8.405"/>
</testsuite> <!-- Google Search -->
