<?xml version="1.0" encoding="UTF-8"?>
<!-- Generated by org.testng.reporters.JUnitXMLReporter -->
<testsuite ignored="0" hostname="dluharo205881" failures="2" tests="2" name="Google Search B" time="0.07" errors="0" timestamp="15 Jan 2018 10:05:03 GMT">
  <testcase classname="com.app.web.tests.GoogleFinanceTest2" name="searchMethod21" time="0.019">
    <failure type="java.lang.Error" message="Unresolved compilation problems: 
	Cannot make a static reference to the non-static method logPass(String) from the type ReportUtil
	Cannot make a static reference to the non-static method logFail(String) from the type ReportUtil
	Cannot make a static reference to the non-static method logSkipped(String) from the type ReportUtil
">
      <![CDATA[java.lang.Error: Unresolved compilation problems: 
	Cannot make a static reference to the non-static method logPass(String) from the type ReportUtil
	Cannot make a static reference to the non-static method logFail(String) from the type ReportUtil
	Cannot make a static reference to the non-static method logSkipped(String) from the type ReportUtil

	at com.sapient.taf.listeners.TestListener.afterInvocation(TestListener.java:62)
... Removed 23 stack frames]]>
    </failure>
  </testcase> <!-- searchMethod21 -->
  <testcase classname="com.app.web.tests.GoogleFinanceTest2" name="searchMethod22" time="0.001">
    <failure type="java.lang.Error" message="Unresolved compilation problems: 
	Cannot make a static reference to the non-static method logPass(String) from the type ReportUtil
	Cannot make a static reference to the non-static method logFail(String) from the type ReportUtil
	Cannot make a static reference to the non-static method logSkipped(String) from the type ReportUtil
">
      <![CDATA[java.lang.Error: Unresolved compilation problems: 
	Cannot make a static reference to the non-static method logPass(String) from the type ReportUtil
	Cannot make a static reference to the non-static method logFail(String) from the type ReportUtil
	Cannot make a static reference to the non-static method logSkipped(String) from the type ReportUtil

	at com.sapient.taf.listeners.TestListener.afterInvocation(TestListener.java:62)
... Removed 23 stack frames]]>
    </failure>
  </testcase> <!-- searchMethod22 -->
</testsuite> <!-- Google Search B -->
