<?xml version="1.0" encoding="UTF-8"?>
<!-- Generated by org.testng.reporters.JUnitXMLReporter -->
<testsuite hostname="dluharo277191" ignored="0" name="Verify Transfer Funds" tests="1" failures="1" timestamp="10 Apr 2018 09:33:12 GMT" time="14.861" errors="0">
  <testcase name="feature" time="10.214" classname="com.sapient.taf.framework.coreclasses.BaseClassCucumber">
    <failure type="cucumber.runtime.CucumberException" message="java.lang.AssertionError: Sign off valdation failed">
      <![CDATA[cucumber.runtime.CucumberException: java.lang.AssertionError: Sign off valdation failed
	at cucumber.api.testng.TestNGCucumberRunner.runCucumber(TestNGCucumberRunner.java:69)
	at com.sapient.taf.framework.coreclasses.BaseClassCucumber.feature(BaseClassCucumber.java:114)
Caused by: java.lang.AssertionError: Sign off valdation failed
	at org.junit.Assert.fail(Assert.java:88)
	at com.app.web.pages.cucumber.TransferFundsActions.verifySignOffLabel(TransferFundsActions.java:37)
	at com.restassured.stepdefs.TransferFundsSteps.user_is_on_the_Page(TransferFundsSteps.java:69)
	at ✽.Then User is on SignOff Page(src/test/java/com/restassured/features/transferFunds.feature:35)
... Removed 25 stack frames]]>
    </failure>
  </testcase> <!-- feature -->
</testsuite> <!-- Verify Transfer Funds -->
